<?xml version="1.0" encoding="UTF-8"?>
<!-- Generated by org.testng.reporters.JUnitReportReporter -->
<testsuite hostname="dk-PC" name="com.amazon.test.ProductCheckout" tests="1" failures="0" timestamp="30 Apr 2020 13:40:00 GMT" time="85.322" errors="1">
  <testcase name="testProductCheckout" time="85.322" classname="com.amazon.test.ProductCheckout">
    <error type="org.openqa.selenium.NoSuchElementException" message="An element could not be located on the page using the given search parameters.
For documentation on this error, please visit: http://seleniumhq.org/exceptions/no_such_element.html
Build info: version: &#039;3.14.0&#039;, revision: &#039;aacccce0&#039;, time: &#039;2018-08-02T20:19:58.91Z&#039;
System info: host: &#039;DK-PC&#039;, ip: &#039;192.168.225.116&#039;, os.name: &#039;Windows 7&#039;, os.arch: &#039;amd64&#039;, os.version: &#039;6.1&#039;, java.version: &#039;1.8.0_241&#039;
Driver info: io.appium.java_client.android.AndroidDriver
Capabilities {app: C:\Users\dk\Downloads\Amazo..., appActivity: com.amazon.mShop.splashscre..., appPackage: com.amazon.mShop.android.sh..., autoGrantPermissions: true, databaseEnabled: false, desired: {app: C:\Users\dk\Downloads\Amazo..., appActivity: com.amazon.mShop.splashscre..., appPackage: com.amazon.mShop.android.sh..., autoGrantPermissions: true, deviceName: A2QDU17111006740, noRest: true, platformName: android, platformVersion: 7.0, udid: A2QDU17111006740}, deviceManufacturer: HUAWEI, deviceModel: BLN-L22, deviceName: A2QDU17111006740, deviceScreenSize: 1080x1920, deviceUDID: A2QDU17111006740, javascriptEnabled: true, locationContextEnabled: false, networkConnectionEnabled: true, noRest: true, platform: LINUX, platformName: Android, platformVersion: 7.0, takesScreenshot: true, udid: A2QDU17111006740, warnings: {}, webStorageEnabled: false}
Session ID: 1c62d42e-341a-44bd-bc85-5734c31d0ec2
*** Element info: {Using=xpath, value=//android.widget.RadioButton[@text=&#039;English - EN&#039;]}">
      <![CDATA[org.openqa.selenium.NoSuchElementException: An element could not be located on the page using the given search parameters.
For documentation on this error, please visit: http://seleniumhq.org/exceptions/no_such_element.html
Build info: version: '3.14.0', revision: 'aacccce0', time: '2018-08-02T20:19:58.91Z'
System info: host: 'DK-PC', ip: '192.168.225.116', os.name: 'Windows 7', os.arch: 'amd64', os.version: '6.1', java.version: '1.8.0_241'
Driver info: io.appium.java_client.android.AndroidDriver
Capabilities {app: C:\Users\dk\Downloads\Amazo..., appActivity: com.amazon.mShop.splashscre..., appPackage: com.amazon.mShop.android.sh..., autoGrantPermissions: true, databaseEnabled: false, desired: {app: C:\Users\dk\Downloads\Amazo..., appActivity: com.amazon.mShop.splashscre..., appPackage: com.amazon.mShop.android.sh..., autoGrantPermissions: true, deviceName: A2QDU17111006740, noRest: true, platformName: android, platformVersion: 7.0, udid: A2QDU17111006740}, deviceManufacturer: HUAWEI, deviceModel: BLN-L22, deviceName: A2QDU17111006740, deviceScreenSize: 1080x1920, deviceUDID: A2QDU17111006740, javascriptEnabled: true, locationContextEnabled: false, networkConnectionEnabled: true, noRest: true, platform: LINUX, platformName: Android, platformVersion: 7.0, takesScreenshot: true, udid: A2QDU17111006740, warnings: {}, webStorageEnabled: false}
Session ID: 1c62d42e-341a-44bd-bc85-5734c31d0ec2
*** Element info: {Using=xpath, value=//android.widget.RadioButton[@text='English - EN']}
	at sun.reflect.NativeConstructorAccessorImpl.newInstance0(Native Method)
	at sun.reflect.NativeConstructorAccessorImpl.newInstance(Unknown Source)
	at sun.reflect.DelegatingConstructorAccessorImpl.newInstance(Unknown Source)
	at java.lang.reflect.Constructor.newInstance(Unknown Source)
	at org.openqa.selenium.remote.http.W3CHttpResponseCodec.createException(W3CHttpResponseCodec.java:187)
	at org.openqa.selenium.remote.http.W3CHttpResponseCodec.decode(W3CHttpResponseCodec.java:122)
	at org.openqa.selenium.remote.http.W3CHttpResponseCodec.decode(W3CHttpResponseCodec.java:49)
	at org.openqa.selenium.remote.HttpCommandExecutor.execute(HttpCommandExecutor.java:158)
	at io.appium.java_client.remote.AppiumCommandExecutor.execute(AppiumCommandExecutor.java:231)
	at org.openqa.selenium.remote.RemoteWebDriver.execute(RemoteWebDriver.java:548)
	at io.appium.java_client.DefaultGenericMobileDriver.execute(DefaultGenericMobileDriver.java:42)
	at io.appium.java_client.AppiumDriver.execute(AppiumDriver.java:1)
	at io.appium.java_client.android.AndroidDriver.execute(AndroidDriver.java:1)
	at org.openqa.selenium.remote.RemoteWebDriver.findElement(RemoteWebDriver.java:322)
	at io.appium.java_client.DefaultGenericMobileDriver.findElement(DefaultGenericMobileDriver.java:62)
	at io.appium.java_client.AppiumDriver.findElement(AppiumDriver.java:1)
	at io.appium.java_client.android.AndroidDriver.findElement(AndroidDriver.java:1)
	at org.openqa.selenium.remote.RemoteWebDriver.findElementByXPath(RemoteWebDriver.java:424)
	at io.appium.java_client.DefaultGenericMobileDriver.findElementByXPath(DefaultGenericMobileDriver.java:152)
	at io.appium.java_client.AppiumDriver.findElementByXPath(AppiumDriver.java:1)
	at io.appium.java_client.android.AndroidDriver.findElementByXPath(AndroidDriver.java:1)
	at org.openqa.selenium.By$ByXPath.findElement(By.java:353)
	at org.openqa.selenium.remote.RemoteWebDriver.findElement(RemoteWebDriver.java:314)
	at io.appium.java_client.DefaultGenericMobileDriver.findElement(DefaultGenericMobileDriver.java:58)
	at io.appium.java_client.AppiumDriver.findElement(AppiumDriver.java:1)
	at io.appium.java_client.android.AndroidDriver.findElement(AndroidDriver.java:1)
	at com.amazon.pages.BaseClass.isElementDisplayed(BaseClass.java:144)
	at com.amazon.test.ProductCheckout.testProductCheckout(ProductCheckout.java:79)
	at sun.reflect.NativeMethodAccessorImpl.invoke0(Native Method)
	at sun.reflect.NativeMethodAccessorImpl.invoke(Unknown Source)
	at sun.reflect.DelegatingMethodAccessorImpl.invoke(Unknown Source)
	at java.lang.reflect.Method.invoke(Unknown Source)
	at org.testng.internal.MethodInvocationHelper.invokeMethod(MethodInvocationHelper.java:85)
	at org.testng.internal.Invoker.invokeMethod(Invoker.java:639)
	at org.testng.internal.Invoker.invokeTestMethod(Invoker.java:816)
	at org.testng.internal.Invoker.invokeTestMethods(Invoker.java:1124)
	at org.testng.internal.TestMethodWorker.invokeTestMethods(TestMethodWorker.java:125)
	at org.testng.internal.TestMethodWorker.run(TestMethodWorker.java:108)
	at org.testng.TestRunner.privateRun(TestRunner.java:774)
	at org.testng.TestRunner.run(TestRunner.java:624)
	at org.testng.SuiteRunner.runTest(SuiteRunner.java:359)
	at org.testng.SuiteRunner.runSequentially(SuiteRunner.java:354)
	at org.testng.SuiteRunner.privateRun(SuiteRunner.java:312)
	at org.testng.SuiteRunner.run(SuiteRunner.java:261)
	at org.testng.SuiteRunnerWorker.runSuite(SuiteRunnerWorker.java:52)
	at org.testng.SuiteRunnerWorker.run(SuiteRunnerWorker.java:86)
	at org.testng.TestNG.runSuitesSequentially(TestNG.java:1215)
	at org.testng.TestNG.runSuitesLocally(TestNG.java:1140)
	at org.testng.TestNG.run(TestNG.java:1048)
	at org.testng.remote.AbstractRemoteTestNG.run(AbstractRemoteTestNG.java:114)
	at org.testng.remote.RemoteTestNG.initAndRun(RemoteTestNG.java:251)
	at org.testng.remote.RemoteTestNG.main(RemoteTestNG.java:77)
]]>
    </error>
  </testcase> <!-- testProductCheckout -->
</testsuite> <!-- com.amazon.test.ProductCheckout -->
